<?xml version="1.0" encoding="UTF-8"?>
<!-- Generated by org.testng.reporters.JUnitXMLReporter -->
<testsuite ignored="0" hostname="DESKTOP-PNQLD87" failures="0" tests="5" name="Test" time="29.817" errors="0" timestamp="2022-05-28T13:17:24 PDT">
  <testcase classname="login.firebase.tests.AutomationScript" name="testCase1" time="1.632"/>
  <testcase classname="login.firebase.tests.AutomationScript" name="testCase2" time="6.911"/>
  <testcase classname="login.firebase.tests.AutomationScript" name="testCase3" time="8.775"/>
  <testcase classname="login.firebase.tests.AutomationScript" name="testCase4a" time="1.758"/>
  <testcase classname="login.firebase.tests.AutomationScript" name="testCase4b" time="1.153"/>
</testsuite> <!-- Test -->
